# JRE version: Java(TM) SE Runtime Environment (21.0.10+8) (build 21.0.10+8-LTS-217)
# Java VM: Java HotSpot(TM) 64-Bit Server VM (21.0.10+8-LTS-217, mixed mode, sharing, tiered, compressed oops, compressed class ptrs, g1 gc, windows-amd64)
GC Precious Log:
 CardTable entry size: 512
 Card Set container configuration: InlinePtr #cards 5 size 8 Array Of Cards #cards 12 size 40 Howl #buckets 4 coarsen threshold 1843 Howl Bitmap #cards 512 size 80 coarsen threshold 460 Card regions per heap region 1 cards per card region 2048
 CPUs: 12 total, 12 available
 Memory: 16044M
 Large Page Support: Disabled
 NUMA Support: Disabled
 Compressed Oops: Enabled (32-bit)
 Heap Region Size: 1M
 Heap Min Capacity: 8M
 Heap Initial Capacity: 252M
 Heap Max Capacity: 2G
 Pre-touch: Disabled
 Parallel Workers: 10
 Concurrent Workers: 3
 Concurrent Refinement Workers: 10
 Periodic GC: Disabled
Heap:
 garbage-first heap   total 275456K, used 224957K [0x0000000080000000, 0x0000000100000000)
  region size 1024K, 62 young (63488K), 8 survivors (8192K)
 Metaspace       used 141031K, committed 143488K, reserved 1179648K
  class space    used 17915K, committed 19136K, reserved 1048576K
GC Heap History (20 events):
Event: 42.446 GC heap before
{Heap before GC invocations=35 (full 0):
 garbage-first heap   total 165888K, used 142920K [0x0000000080000000, 0x0000000100000000)
  region size 1024K, 41 young (41984K), 6 survivors (6144K)
 Metaspace       used 91906K, committed 94272K, reserved 1179648K
  class space    used 12905K, committed 14080K, reserved 1048576K
}
Event: 42.456 GC heap after
{Heap after GC invocations=36 (full 0):
 garbage-first heap   total 168960K, used 123904K [0x0000000080000000, 0x0000000100000000)
  region size 1024K, 6 young (6144K), 6 survivors (6144K)
 Metaspace       used 91906K, committed 94272K, reserved 1179648K
  class space    used 12905K, committed 14080K, reserved 1048576K
}
Event: 42.888 GC heap before
{Heap before GC invocations=36 (full 0):
 garbage-first heap   total 168960K, used 148480K [0x0000000080000000, 0x0000000100000000)
  region size 1024K, 30 young (30720K), 6 survivors (6144K)
 Metaspace       used 94374K, committed 96704K, reserved 1179648K
  class space    used 13166K, committed 14336K, reserved 1048576K
}
Event: 42.894 GC heap after
{Heap after GC invocations=37 (full 0):
 garbage-first heap   total 168960K, used 127931K [0x0000000080000000, 0x0000000100000000)
  region size 1024K, 3 young (3072K), 3 survivors (3072K)
 Metaspace       used 94374K, committed 96704K, reserved 1179648K
  class space    used 13166K, committed 14336K, reserved 1048576K
}
Event: 43.368 GC heap before
{Heap before GC invocations=38 (full 0):
 garbage-first heap   total 219136K, used 150459K [0x0000000080000000, 0x0000000100000000)
  region size 1024K, 26 young (26624K), 3 survivors (3072K)
 Metaspace       used 97051K, committed 99392K, reserved 1179648K
  class space    used 13429K, committed 14592K, reserved 1048576K
}
Event: 43.372 GC heap after
{Heap after GC invocations=39 (full 0):
 garbage-first heap   total 219136K, used 130056K [0x0000000080000000, 0x0000000100000000)
  region size 1024K, 2 young (2048K), 2 survivors (2048K)
 Metaspace       used 97051K, committed 99392K, reserved 1179648K
  class space    used 13429K, committed 14592K, reserved 1048576K
}
Event: 46.312 GC heap before
{Heap before GC invocations=39 (full 0):
 garbage-first heap   total 219136K, used 181256K [0x0000000080000000, 0x0000000100000000)
  region size 1024K, 53 young (54272K), 2 survivors (2048K)
 Metaspace       used 102313K, committed 104640K, reserved 1179648K
  class space    used 13916K, committed 15104K, reserved 1048576K
}
Event: 46.318 GC heap after
{Heap after GC invocations=40 (full 0):
 garbage-first heap   total 219136K, used 132124K [0x0000000080000000, 0x0000000100000000)
  region size 1024K, 6 young (6144K), 6 survivors (6144K)
 Metaspace       used 102313K, committed 104640K, reserved 1179648K
  class space    used 13916K, committed 15104K, reserved 1048576K
}
Event: 49.669 GC heap before
{Heap before GC invocations=40 (full 0):
 garbage-first heap   total 219136K, used 184348K [0x0000000080000000, 0x0000000100000000)
  region size 1024K, 58 young (59392K), 6 survivors (6144K)
 Metaspace       used 109493K, committed 111936K, reserved 1179648K
  class space    used 14655K, committed 15872K, reserved 1048576K
}
Event: 49.676 GC heap after
{Heap after GC invocations=41 (full 0):
 garbage-first heap   total 219136K, used 134390K [0x0000000080000000, 0x0000000100000000)
  region size 1024K, 7 young (7168K), 7 survivors (7168K)
 Metaspace       used 109493K, committed 111936K, reserved 1179648K
  class space    used 14655K, committed 15872K, reserved 1048576K
}
Event: 57.052 GC heap before
{Heap before GC invocations=42 (full 0):
 garbage-first heap   total 229376K, used 189686K [0x0000000080000000, 0x0000000100000000)
  region size 1024K, 61 young (62464K), 7 survivors (7168K)
 Metaspace       used 112814K, committed 115200K, reserved 1179648K
  class space    used 14984K, committed 16192K, reserved 1048576K
}
Event: 57.067 GC heap after
{Heap after GC invocations=43 (full 0):
 garbage-first heap   total 229376K, used 142830K [0x0000000080000000, 0x0000000100000000)
  region size 1024K, 8 young (8192K), 8 survivors (8192K)
 Metaspace       used 112814K, committed 115200K, reserved 1179648K
  class space    used 14984K, committed 16192K, reserved 1048576K
}
Event: 58.969 GC heap before
{Heap before GC invocations=43 (full 0):
 garbage-first heap   total 229376K, used 201198K [0x0000000080000000, 0x0000000100000000)
  region size 1024K, 64 young (65536K), 8 survivors (8192K)
 Metaspace       used 116858K, committed 119296K, reserved 1179648K
  class space    used 15496K, committed 16704K, reserved 1048576K
}
Event: 58.989 GC heap after
{Heap after GC invocations=44 (full 0):
 garbage-first heap   total 229376K, used 155217K [0x0000000080000000, 0x0000000100000000)
  region size 1024K, 8 young (8192K), 8 survivors (8192K)
 Metaspace       used 116858K, committed 119296K, reserved 1179648K
  class space    used 15496K, committed 16704K, reserved 1048576K
}
Event: 62.446 GC heap before
{Heap before GC invocations=44 (full 0):
 garbage-first heap   total 229376K, used 202321K [0x0000000080000000, 0x0000000100000000)
  region size 1024K, 54 young (55296K), 8 survivors (8192K)
 Metaspace       used 120139K, committed 122560K, reserved 1179648K
  class space    used 15772K, committed 17024K, reserved 1048576K
}
Event: 62.460 GC heap after
{Heap after GC invocations=45 (full 0):
 garbage-first heap   total 229376K, used 163840K [0x0000000080000000, 0x0000000100000000)
  region size 1024K, 7 young (7168K), 7 survivors (7168K)
 Metaspace       used 120139K, committed 122560K, reserved 1179648K
  class space    used 15772K, committed 17024K, reserved 1048576K
}
Event: 65.807 GC heap before
{Heap before GC invocations=46 (full 0):
 garbage-first heap   total 275456K, used 204800K [0x0000000080000000, 0x0000000100000000)
  region size 1024K, 48 young (49152K), 7 survivors (7168K)
 Metaspace       used 125220K, committed 127680K, reserved 1179648K
  class space    used 16210K, committed 17472K, reserved 1048576K
}
Event: 65.819 GC heap after
{Heap after GC invocations=47 (full 0):
 garbage-first heap   total 275456K, used 167356K [0x0000000080000000, 0x0000000100000000)
  region size 1024K, 4 young (4096K), 4 survivors (4096K)
 Metaspace       used 125220K, committed 127680K, reserved 1179648K
  class space    used 16210K, committed 17472K, reserved 1048576K
}
Event: 78.368 GC heap before
{Heap before GC invocations=47 (full 0):
 garbage-first heap   total 275456K, used 239036K [0x0000000080000000, 0x0000000100000000)
  region size 1024K, 75 young (76800K), 4 survivors (4096K)
 Metaspace       used 133647K, committed 136192K, reserved 1179648K
  class space    used 17154K, committed 18432K, reserved 1048576K
}
Event: 78.386 GC heap after
{Heap after GC invocations=48 (full 0):
 garbage-first heap   total 275456K, used 170685K [0x0000000080000000, 0x0000000100000000)
  region size 1024K, 8 young (8192K), 8 survivors (8192K)
 Metaspace       used 133647K, committed 136192K, reserved 1179648K
  class space    used 17154K, committed 18432K, reserved 1048576K
}

